#
# There is insufficient memory for the Java Runtime Environment to continue.
# Native memory allocation (malloc) failed to allocate 1025136 bytes for Chunk::new
# Possible reasons:
#   The system is out of physical RAM or swap space
#   The process is running with CompressedOops enabled, and the Java Heap may be blocking the growth of the native heap
# Possible solutions:
#   Reduce memory load on the system
#   Increase physical memory or swap space
#   Check if swap backing store is full
#   Decrease Java heap size (-Xmx/-Xms)
#   Decrease number of Java threads
#   Decrease Java thread stack sizes (-Xss)
#   Set larger code cache with -XX:ReservedCodeCacheSize=
#   JVM is running with Unscaled Compressed Oops mode in which the Java heap is
#     placed in the first 4GB address space. The Java Heap base address is the
#     maximum limit for the native heap growth. Please use -XX:HeapBaseMinAddress
#     to set the Java Heap base and to place the Java Heap above 4GB virtual address.
# This output file may be truncated or incomplete.
#
#  Out of Memory Error (allocation.cpp:389), pid=11392, tid=0x0000000000003eb8
#
# JRE version: OpenJDK Runtime Environment (8.0_242-b01) (build 1.8.0_242-release-1644-b01)
# Java VM: OpenJDK 64-Bit Server VM (25.242-b01 mixed mode windows-amd64 compressed oops)
# Failed to write core dump. Minidumps are not enabled by default on client versions of Windows
#

---------------  T H R E A D  ---------------

Current thread (0x000000001842c000):  JavaThread "C2 CompilerThread1" daemon [_thread_in_native, id=16056, stack(0x000000001ac10000,0x000000001ad10000)]

Stack: [0x000000001ac10000,0x000000001ad10000]
[error occurred during error reporting (printing stack bounds), id 0xc0000005]

Native frames: (J=compiled Java code, j=interpreted, Vv=VM code, C=native code)


Current CompileTask:
C2:  54191 15877       4       com.android.tools.r8.dex.r::a (561 bytes)


---------------  P R O C E S S  ---------------

Java Threads: ( => current thread )
  0x000000002b78b000 JavaThread "WorkerExecutor Queue Thread 3" [_thread_blocked, id=17060, stack(0x0000000035820000,0x0000000035920000)]
  0x000000002b78a800 JavaThread "WorkerExecutor Queue Thread 2" [_thread_blocked, id=14136, stack(0x0000000033250000,0x0000000033350000)]
  0x000000002b786800 JavaThread "WorkerExecutor Queue" [_thread_blocked, id=9608, stack(0x000000002d6d0000,0x000000002d7d0000)]
  0x000000001d311000 JavaThread "Cache worker for execution history cache (C:\Users\ashut\AndroidStudioProjects\eCommerce\.gradle\6.5\executionHistory)" [_thread_blocked, id=17984, stack(0x000000002d0d0000,0x000000002d1d0000)]
  0x000000001d314000 JavaThread "Execution worker for ':' Thread 7" [_thread_blocked, id=9280, stack(0x000000002cfd0000,0x000000002d0d0000)]
  0x000000001d310000 JavaThread "Execution worker for ':' Thread 6" [_thread_in_native, id=456, stack(0x000000002ced0000,0x000000002cfd0000)]
  0x000000001d315800 JavaThread "Execution worker for ':' Thread 5" [_thread_blocked, id=5216, stack(0x000000002cdd0000,0x000000002ced0000)]
  0x000000001d30f800 JavaThread "Execution worker for ':' Thread 4" [_thread_blocked, id=9096, stack(0x000000002ccd0000,0x000000002cdd0000)]
  0x000000001d30e800 JavaThread "Execution worker for ':' Thread 3" [_thread_blocked, id=6896, stack(0x000000002cbd0000,0x000000002ccd0000)]
  0x000000001d30e000 JavaThread "Execution worker for ':' Thread 2" [_thread_blocked, id=5848, stack(0x000000002cad0000,0x000000002cbd0000)]
  0x000000001d314800 JavaThread "Execution worker for ':'" [_thread_blocked, id=16852, stack(0x000000002c9d0000,0x000000002cad0000)]
  0x000000001d30a000 JavaThread "Cache worker for file content cache (C:\Users\ashut\AndroidStudioProjects\eCommerce\.gradle\6.5\fileContent)" [_thread_blocked, id=18364, stack(0x000000002c6d0000,0x000000002c7d0000)]
  0x000000001d30d000 JavaThread "Memory manager" [_thread_blocked, id=1912, stack(0x000000002b400000,0x000000002b500000)]
  0x000000001d30b000 JavaThread "Cache worker for Build Output Cleanup Cache (C:\Users\ashut\AndroidStudioProjects\eCommerce\.gradle\buildOutputCleanup)" [_thread_blocked, id=5500, stack(0x0000000029330000,0x0000000029430000)]
  0x000000001d6dc000 JavaThread "jar transforms Thread 94" [_thread_blocked, id=15516, stack(0x0000000029030000,0x0000000029130000)]
  0x000000001d6e1800 JavaThread "jar transforms Thread 93" [_thread_blocked, id=12060, stack(0x0000000028f30000,0x0000000029030000)]
  0x000000001d6e0000 JavaThread "jar transforms Thread 92" [_thread_blocked, id=8468, stack(0x0000000028e30000,0x0000000028f30000)]
  0x000000001d6e0800 JavaThread "jar transforms Thread 91" [_thread_blocked, id=632, stack(0x0000000028d30000,0x0000000028e30000)]
  0x000000001d6e2000 JavaThread "jar transforms Thread 90" [_thread_blocked, id=3840, stack(0x0000000028c30000,0x0000000028d30000)]
  0x000000001d6da000 JavaThread "jar transforms Thread 89" [_thread_blocked, id=17480, stack(0x0000000028b30000,0x0000000028c30000)]
  0x000000001d6de800 JavaThread "jar transforms Thread 88" [_thread_blocked, id=11200, stack(0x0000000028a30000,0x0000000028b30000)]
  0x000000001d6df000 JavaThread "jar transforms Thread 87" [_thread_blocked, id=12328, stack(0x0000000028930000,0x0000000028a30000)]
  0x000000001d6dd000 JavaThread "jar transforms Thread 86" [_thread_blocked, id=11460, stack(0x0000000028830000,0x0000000028930000)]
  0x000000001d6db800 JavaThread "jar transforms Thread 85" [_thread_blocked, id=8832, stack(0x0000000028730000,0x0000000028830000)]
  0x000000001d6da800 JavaThread "jar transforms Thread 84" [_thread_blocked, id=9900, stack(0x0000000028630000,0x0000000028730000)]
  0x000000001d6dd800 JavaThread "jar transforms Thread 83" [_thread_blocked, id=15584, stack(0x0000000028530000,0x0000000028630000)]
  0x000000001d6d4000 JavaThread "jar transforms Thread 82" [_thread_blocked, id=15764, stack(0x0000000028430000,0x0000000028530000)]
  0x000000001d6d7000 JavaThread "jar transforms Thread 81" [_thread_blocked, id=4888, stack(0x0000000028330000,0x0000000028430000)]
  0x000000001d6d4800 JavaThread "jar transforms Thread 80" [_thread_blocked, id=8548, stack(0x0000000028230000,0x0000000028330000)]
  0x000000001d6d9000 JavaThread "jar transforms Thread 79" [_thread_blocked, id=18244, stack(0x0000000028130000,0x0000000028230000)]
  0x000000001d6d3000 JavaThread "jar transforms Thread 78" [_thread_blocked, id=6016, stack(0x0000000028030000,0x0000000028130000)]
  0x000000001d6d6000 JavaThread "jar transforms Thread 77" [_thread_blocked, id=15748, stack(0x0000000027f30000,0x0000000028030000)]
  0x000000001d6d7800 JavaThread "jar transforms Thread 76" [_thread_blocked, id=6072, stack(0x0000000027e30000,0x0000000027f30000)]
  0x000000001d6d8800 JavaThread "jar transforms Thread 75" [_thread_blocked, id=10596, stack(0x0000000027d30000,0x0000000027e30000)]
  0x000000001d6d5800 JavaThread "jar transforms Thread 74" [_thread_blocked, id=7764, stack(0x0000000027c30000,0x0000000027d30000)]
  0x000000001f492000 JavaThread "jar transforms Thread 73" [_thread_blocked, id=14408, stack(0x0000000027b30000,0x0000000027c30000)]
  0x000000001f493800 JavaThread "jar transforms Thread 72" [_thread_blocked, id=18328, stack(0x0000000027a30000,0x0000000027b30000)]
  0x000000001f491000 JavaThread "jar transforms Thread 71" [_thread_blocked, id=14188, stack(0x0000000027930000,0x0000000027a30000)]
  0x000000001f492800 JavaThread "jar transforms Thread 70" [_thread_blocked, id=3012, stack(0x0000000027830000,0x0000000027930000)]
  0x000000001f490800 JavaThread "jar transforms Thread 69" [_thread_blocked, id=3368, stack(0x0000000027730000,0x0000000027830000)]
  0x000000001f489000 JavaThread "jar transforms Thread 68" [_thread_blocked, id=18048, stack(0x0000000027630000,0x0000000027730000)]
  0x000000001f48f800 JavaThread "jar transforms Thread 67" [_thread_blocked, id=1540, stack(0x0000000027530000,0x0000000027630000)]
  0x000000001f48f000 JavaThread "jar transforms Thread 66" [_thread_blocked, id=16988, stack(0x0000000027430000,0x0000000027530000)]
  0x000000001f48c800 JavaThread "jar transforms Thread 65" [_thread_blocked, id=15116, stack(0x0000000027330000,0x0000000027430000)]
  0x000000001f48e000 JavaThread "jar transforms Thread 64" [_thread_blocked, id=4676, stack(0x0000000027230000,0x0000000027330000)]
  0x000000001f48c000 JavaThread "jar transforms Thread 63" [_thread_blocked, id=8848, stack(0x0000000027130000,0x0000000027230000)]
  0x000000001f48d800 JavaThread "jar transforms Thread 62" [_thread_blocked, id=4260, stack(0x0000000027030000,0x0000000027130000)]
  0x000000001f485000 JavaThread "jar transforms Thread 61" [_thread_blocked, id=2004, stack(0x0000000026f30000,0x0000000027030000)]
  0x000000001f488000 JavaThread "jar transforms Thread 60" [_thread_blocked, id=11840, stack(0x0000000026e30000,0x0000000026f30000)]
  0x000000001f48b000 JavaThread "jar transforms Thread 59" [_thread_blocked, id=11220, stack(0x0000000026d30000,0x0000000026e30000)]
  0x000000001f486000 JavaThread "jar transforms Thread 58" [_thread_blocked, id=12652, stack(0x0000000026c30000,0x0000000026d30000)]
  0x000000001f484800 JavaThread "jar transforms Thread 57" [_thread_blocked, id=7520, stack(0x0000000026b30000,0x0000000026c30000)]
  0x000000001f489800 JavaThread "jar transforms Thread 56" [_thread_blocked, id=10124, stack(0x0000000026a30000,0x0000000026b30000)]
  0x000000001f48a800 JavaThread "jar transforms Thread 55" [_thread_blocked, id=11532, stack(0x0000000026930000,0x0000000026a30000)]
  0x000000001f487800 JavaThread "jar transforms Thread 54" [_thread_blocked, id=16116, stack(0x0000000026830000,0x0000000026930000)]
  0x000000001f486800 JavaThread "jar transforms Thread 53" [_thread_blocked, id=14008, stack(0x0000000026730000,0x0000000026830000)]
  0x000000001f4b1000 JavaThread "jar transforms Thread 52" [_thread_blocked, id=17532, stack(0x0000000026630000,0x0000000026730000)]
  0x000000001f4b2800 JavaThread "jar transforms Thread 51" [_thread_blocked, id=14048, stack(0x0000000026530000,0x0000000026630000)]
  0x000000001f4b2000 JavaThread "jar transforms Thread 50" [_thread_blocked, id=12768, stack(0x0000000026430000,0x0000000026530000)]
  0x000000001f4b0800 JavaThread "jar transforms Thread 49" [_thread_blocked, id=14184, stack(0x0000000026330000,0x0000000026430000)]
  0x000000001f4af000 JavaThread "jar transforms Thread 48" [_thread_blocked, id=17484, stack(0x0000000026230000,0x0000000026330000)]
  0x000000001f4af800 JavaThread "jar transforms Thread 47" [_thread_blocked, id=12140, stack(0x0000000026130000,0x0000000026230000)]
  0x000000001f4b3800 JavaThread "jar transforms Thread 46" [_thread_blocked, id=6192, stack(0x0000000026030000,0x0000000026130000)]
  0x000000001f4ae000 JavaThread "jar transforms Thread 45" [_thread_blocked, id=2316, stack(0x0000000025f30000,0x0000000026030000)]
  0x000000001f4ad800 JavaThread "jar transforms Thread 44" [_thread_blocked, id=10700, stack(0x0000000025e30000,0x0000000025f30000)]
  0x000000001f4a6000 JavaThread "jar transforms Thread 43" [_thread_blocked, id=14176, stack(0x0000000025d30000,0x0000000025e30000)]
  0x000000001f4a7800 JavaThread "jar transforms Thread 42" [_thread_blocked, id=3164, stack(0x0000000025c30000,0x0000000025d30000)]
  0x000000001f4ac800 JavaThread "jar transforms Thread 41" [_thread_blocked, id=5028, stack(0x0000000025b30000,0x0000000025c30000)]
  0x000000001f4ac000 JavaThread "jar transforms Thread 40" [_thread_blocked, id=14628, stack(0x0000000025a30000,0x0000000025b30000)]
  0x000000001f4a5000 JavaThread "jar transforms Thread 39" [_thread_blocked, id=12904, stack(0x0000000025930000,0x0000000025a30000)]
  0x000000001f4aa800 JavaThread "jar transforms Thread 38" [_thread_blocked, id=1500, stack(0x0000000025830000,0x0000000025930000)]
  0x000000001f4a8000 JavaThread "jar transforms Thread 37" [_thread_blocked, id=12676, stack(0x0000000025730000,0x0000000025830000)]
  0x000000001f4ab000 JavaThread "jar transforms Thread 36" [_thread_blocked, id=6432, stack(0x0000000025630000,0x0000000025730000)]
  0x000000001f4a4800 JavaThread "jar transforms Thread 35" [_thread_blocked, id=3224, stack(0x0000000025530000,0x0000000025630000)]
  0x000000001f4a9800 JavaThread "jar transforms Thread 34" [_thread_blocked, id=15020, stack(0x0000000025430000,0x0000000025530000)]
  0x000000001f4a9000 JavaThread "jar transforms Thread 33" [_thread_blocked, id=7724, stack(0x0000000025330000,0x0000000025430000)]
  0x000000001f4a6800 JavaThread "jar transforms Thread 32" [_thread_blocked, id=4848, stack(0x0000000025230000,0x0000000025330000)]
  0x000000001b8ee800 JavaThread "jar transforms Thread 31" [_thread_blocked, id=13984, stack(0x0000000025130000,0x0000000025230000)]
  0x000000001b8e7000 JavaThread "jar transforms Thread 30" [_thread_blocked, id=2728, stack(0x0000000025030000,0x0000000025130000)]
  0x000000001b8ee000 JavaThread "jar transforms Thread 29" [_thread_blocked, id=15424, stack(0x0000000024f30000,0x0000000025030000)]
  0x000000001b8eb800 JavaThread "jar transforms Thread 28" [_thread_blocked, id=11696, stack(0x0000000024e30000,0x0000000024f30000)]
  0x000000001b8eb000 JavaThread "jar transforms Thread 27" [_thread_blocked, id=16228, stack(0x0000000024d30000,0x0000000024e30000)]
  0x000000001b8ed000 JavaThread "jar transforms Thread 26" [_thread_blocked, id=7076, stack(0x0000000024c30000,0x0000000024d30000)]
  0x000000001b8ec800 JavaThread "jar transforms Thread 25" [_thread_blocked, id=7644, stack(0x0000000024b30000,0x0000000024c30000)]
  0x000000001b8e9800 JavaThread "jar transforms Thread 24" [_thread_blocked, id=3628, stack(0x0000000024a30000,0x0000000024b30000)]
  0x000000001b8ea000 JavaThread "jar transforms Thread 23" [_thread_blocked, id=11968, stack(0x0000000024930000,0x0000000024a30000)]
  0x000000001b8e2800 JavaThread "jar transforms Thread 22" [_thread_blocked, id=11508, stack(0x0000000024830000,0x0000000024930000)]
  0x000000001b8e3800 JavaThread "jar transforms Thread 21" [_thread_blocked, id=9744, stack(0x0000000024730000,0x0000000024830000)]
  0x000000001b8e2000 JavaThread "jar transforms Thread 20" [_thread_blocked, id=6008, stack(0x0000000024630000,0x0000000024730000)]
  0x000000001b8e8000 JavaThread "jar transforms Thread 19" [_thread_blocked, id=13928, stack(0x0000000024530000,0x0000000024630000)]
  0x000000001b8e8800 JavaThread "jar transforms Thread 18" [_thread_blocked, id=2852, stack(0x0000000024430000,0x0000000024530000)]
  0x000000001b8df800 JavaThread "jar transforms Thread 17" [_thread_blocked, id=3460, stack(0x0000000024330000,0x0000000024430000)]
  0x000000001b8e6800 JavaThread "jar transforms Thread 16" [_thread_blocked, id=17944, stack(0x0000000024230000,0x0000000024330000)]
  0x000000001b8e5800 JavaThread "jar transforms Thread 15" [_thread_blocked, id=11056, stack(0x0000000024130000,0x0000000024230000)]
  0x000000001b8e1000 JavaThread "jar transforms Thread 14" [_thread_blocked, id=13224, stack(0x0000000024030000,0x0000000024130000)]
  0x000000001b8e4000 JavaThread "jar transforms Thread 13" [_thread_blocked, id=15148, stack(0x0000000023f30000,0x0000000024030000)]
  0x000000001b8e0800 JavaThread "jar transforms Thread 12" [_thread_blocked, id=8584, stack(0x0000000023e30000,0x0000000023f30000)]
  0x000000001b8e5000 JavaThread "jar transforms Thread 11" [_thread_blocked, id=15820, stack(0x0000000023d30000,0x0000000023e30000)]
  0x000000001a529800 JavaThread "jar transforms Thread 10" [_thread_blocked, id=15868, stack(0x0000000023c30000,0x0000000023d30000)]
  0x000000001a529000 JavaThread "jar transforms Thread 9" [_thread_blocked, id=4756, stack(0x0000000023b30000,0x0000000023c30000)]
  0x000000001a528000 JavaThread "jar transforms Thread 8" [_thread_blocked, id=7272, stack(0x0000000023a30000,0x0000000023b30000)]
  0x000000001a526800 JavaThread "jar transforms Thread 7" [_thread_blocked, id=13560, stack(0x0000000023930000,0x0000000023a30000)]
  0x000000001a527800 JavaThread "jar transforms Thread 6" [_thread_blocked, id=18196, stack(0x0000000023830000,0x0000000023930000)]
  0x000000001a51f000 JavaThread "jar transforms Thread 5" [_thread_blocked, id=17584, stack(0x0000000023730000,0x0000000023830000)]
  0x000000001a526000 JavaThread "jar transforms Thread 4" [_thread_blocked, id=8056, stack(0x0000000023630000,0x0000000023730000)]
  0x000000001a51e800 JavaThread "jar transforms Thread 3" [_thread_blocked, id=10768, stack(0x0000000023530000,0x0000000023630000)]
  0x000000001a525000 JavaThread "jar transforms Thread 2" [_thread_blocked, id=16968, stack(0x0000000023430000,0x0000000023530000)]
  0x000000001a51d800 JavaThread "Build operations Thread 8" [_thread_blocked, id=14264, stack(0x0000000023230000,0x0000000023330000)]
  0x000000001a524800 JavaThread "Build operations Thread 7" [_thread_blocked, id=11024, stack(0x0000000023130000,0x0000000023230000)]
  0x000000001a523800 JavaThread "Build operations Thread 6" [_thread_blocked, id=18124, stack(0x0000000023030000,0x0000000023130000)]
  0x000000001a51c000 JavaThread "Build operations Thread 5" [_thread_blocked, id=14960, stack(0x0000000022f30000,0x0000000023030000)]
  0x000000001a523000 JavaThread "Build operations Thread 4" [_thread_blocked, id=12196, stack(0x0000000022e30000,0x0000000022f30000)]
  0x000000001a522000 JavaThread "Build operations Thread 3" [_thread_blocked, id=8312, stack(0x0000000022d30000,0x0000000022e30000)]
  0x000000001a51a800 JavaThread "Build operations Thread 2" [_thread_blocked, id=12672, stack(0x0000000022c30000,0x0000000022d30000)]
  0x000000001a51d000 JavaThread "Build operations" [_thread_blocked, id=4268, stack(0x0000000022b30000,0x0000000022c30000)]
  0x000000001c9de000 JavaThread "Cache worker for file content cache (C:\Users\ashut\.gradle\caches\6.5\fileContent)" [_thread_blocked, id=14944, stack(0x0000000022430000,0x0000000022530000)]
  0x000000001c9dc800 JavaThread "jar transforms" [_thread_blocked, id=14800, stack(0x0000000022330000,0x0000000022430000)]
  0x000000001c9da800 JavaThread "Cache worker for execution history cache (C:\Users\ashut\.gradle\caches\6.5\executionHistory)" [_thread_blocked, id=10392, stack(0x0000000021c30000,0x0000000021d30000)]
  0x000000001c9d9800 JavaThread "Cache worker for cache directory md-rule (C:\Users\ashut\.gradle\caches\6.5\md-rule)" [_thread_blocked, id=12952, stack(0x0000000021b30000,0x0000000021c30000)]
  0x000000001c9df800 JavaThread "Cache worker for cache directory md-supplier (C:\Users\ashut\.gradle\caches\6.5\md-supplier)" [_thread_blocked, id=17184, stack(0x0000000021a30000,0x0000000021b30000)]
  0x000000001c9dd800 JavaThread "Cache worker for checksums cache (C:\Users\ashut\AndroidStudioProjects\eCommerce\.gradle\checksums)" [_thread_blocked, id=7032, stack(0x00000000215d0000,0x00000000216d0000)]
  0x000000001c9db000 JavaThread "Cache worker for file hash cache (C:\Users\ashut\AndroidStudioProjects\eCommerce\.gradle\6.5\fileHashes)" [_thread_blocked, id=1396, stack(0x0000000021730000,0x0000000021830000)]
  0x000000001c9df000 JavaThread "Cache worker for file hash cache (C:\Users\ashut\.gradle\caches\6.5\fileHashes)" [_thread_blocked, id=17844, stack(0x000000001f130000,0x000000001f230000)]
  0x000000001c9d9000 JavaThread "File lock request listener" [_thread_in_native, id=10916, stack(0x000000001f030000,0x000000001f130000)]
  0x000000001cbd4000 JavaThread "Cache worker for journal cache (C:\Users\ashut\.gradle\caches\journal-1)" [_thread_blocked, id=17312, stack(0x000000001ef30000,0x000000001f030000)]
  0x000000001cbf1000 JavaThread "Thread-9" [_thread_blocked, id=3924, stack(0x000000001ec30000,0x000000001ed30000)]
  0x000000001c65d000 JavaThread "Stdin handler" [_thread_blocked, id=11856, stack(0x000000001eb30000,0x000000001ec30000)]
  0x000000001c65c800 JavaThread "Asynchronous log dispatcher for DefaultDaemonConnection: socket connection from /127.0.0.1:54359 to /127.0.0.1:54360" [_thread_blocked, id=4128, stack(0x000000001ea30000,0x000000001eb30000)]
  0x000000001c3d9800 JavaThread "Daemon worker" [_thread_blocked, id=10932, stack(0x000000001e930000,0x000000001ea30000)]
  0x000000001c3d8800 JavaThread "Cancel handler" [_thread_blocked, id=15752, stack(0x000000001e830000,0x000000001e930000)]
  0x000000001cac4000 JavaThread "Handler for socket connection from /127.0.0.1:54359 to /127.0.0.1:54360" [_thread_in_native, id=6128, stack(0x000000001e530000,0x000000001e630000)]
  0x000000001cb24800 JavaThread "Daemon" [_thread_blocked, id=13292, stack(0x000000001e430000,0x000000001e530000)]
  0x000000001caba800 JavaThread "Daemon periodic checks" [_thread_blocked, id=8996, stack(0x000000001e330000,0x000000001e430000)]
  0x000000001ca9d800 JavaThread "Incoming local TCP Connector on port 54359" [_thread_in_native, id=18216, stack(0x000000001e0f0000,0x000000001e1f0000)]
  0x000000001ca0b800 JavaThread "Daemon health stats" [_thread_blocked, id=11932, stack(0x000000001dab0000,0x000000001dbb0000)]
  0x000000001a2ce800 JavaThread "Service Thread" daemon [_thread_blocked, id=11116, stack(0x000000001af10000,0x000000001b010000)]
  0x000000001a241000 JavaThread "C1 CompilerThread3" daemon [_thread_blocked, id=9264, stack(0x000000001ae10000,0x000000001af10000)]
  0x000000001842e000 JavaThread "C2 CompilerThread2" daemon [_thread_in_native, id=6200, stack(0x000000001ad10000,0x000000001ae10000)]
=>0x000000001842c000 JavaThread "C2 CompilerThread1" daemon [_thread_in_native, id=16056, stack(0x000000001ac10000,0x000000001ad10000)]
  0x000000001a235000 JavaThread "C2 CompilerThread0" daemon [_thread_in_native, id=12536, stack(0x000000001ab10000,0x000000001ac10000)]
  0x000000001a234800 JavaThread "Attach Listener" daemon [_thread_blocked, id=12624, stack(0x000000001aa10000,0x000000001ab10000)]
  0x000000001a230000 JavaThread "Signal Dispatcher" daemon [_thread_blocked, id=2124, stack(0x000000001a910000,0x000000001aa10000)]
  0x000000000337e000 JavaThread "Finalizer" daemon [_thread_blocked, id=3648, stack(0x000000001a700000,0x000000001a800000)]
  0x0000000003377000 JavaThread "Reference Handler" daemon [_thread_blocked, id=13732, stack(0x000000001a600000,0x000000001a700000)]
  0x00000000030fd800 JavaThread "main" [_thread_blocked, id=14640, stack(0x0000000003180000,0x0000000003280000)]

Other Threads:
  0x0000000018416000 VMThread [stack: 0x000000001a100000,0x000000001a200000] [id=5628]
  0x000000001a2cf800 WatcherThread [stack: 0x000000001b010000,0x000000001b110000] [id=9836]

VM state:at safepoint (normal execution)

VM Mutex/Monitor currently owned by a thread:  ([mutex/lock_event])
[0x00000000030fcb50] Threads_lock - owner thread: 0x0000000018416000

heap address: 0x0000000080000000, size: 2048 MB, Compressed Oops mode: 32-bit
Narrow klass base: 0x0000000000000000, Narrow klass shift: 3
Compressed class space size: 1073741824 Address: 0x0000000100000000

Heap:
 PSYoungGen      total 370176K, used 222529K [0x00000000d5580000, 0x00000000f0b00000, 0x0000000100000000)
  eden space 321024K, 54% used [0x00000000d5580000,0x00000000dfed0a10,0x00000000e8f00000)
  from space 49152K, 99% used [0x00000000ec800000,0x00000000ef7ffda8,0x00000000ef800000)
  to   space 58368K, 0% used [0x00000000e8f00000,0x00000000e8f00000,0x00000000ec800000)
 ParOldGen       total 106496K, used 79560K [0x0000000080000000, 0x0000000086800000, 0x00000000d5580000)
  object space 106496K, 74% used [0x0000000080000000,0x0000000084db23c8,0x0000000086800000)
 Metaspace       used 78045K, capacity 82510K, committed 84504K, reserved 1122304K
  class space    used 10588K, capacity 11416K, committed 12080K, reserved 1048576K

Card table byte_map: [0x0000000012740000,0x0000000012b50000] byte_map_base: 0x0000000012340000

Marking Bits: (ParMarkBitMap*) 0x0000000059b2f030
 Begin Bits: [0x0000000013600000, 0x0000000015600000)
 End Bits:   [0x0000000015600000, 0x0000000017600000)

Polling page: 0x00000000030b0000

CodeCache: size=245760Kb used=45650Kb max_used=46354Kb free=200109Kb
 bounds [0x0000000003380000, 0x0000000006100000, 0x0000000012380000]
 total_blobs=13649 nmethods=12836 adapters=724
 compilation: enabled

Compilation events (10 events):
Event: 54.181 Thread 0x000000001842e000 nmethod 15911% 0x000000000385f490 code [0x000000000385f5e0, 0x000000000385fa98]
Event: 54.182 Thread 0x000000001a241000 nmethod 15917 0x0000000003a37010 code [0x0000000003a371a0, 0x0000000003a37708]
Event: 54.182 Thread 0x000000001a241000 15914       3       java.io.ObjectOutputStream$BlockDataOutputStream::writeFloat (46 bytes)
Event: 54.183 Thread 0x000000001a241000 nmethod 15914 0x0000000004cac250 code [0x0000000004cac400, 0x0000000004caca18]
Event: 54.183 Thread 0x000000001a241000 15920       3       java.util.concurrent.ConcurrentLinkedQueue::add (6 bytes)
Event: 54.183 Thread 0x000000001a241000 nmethod 15920 0x0000000003a43410 code [0x0000000003a43580, 0x0000000003a43708]
Event: 54.183 Thread 0x000000001a241000 15918       3       java.io.Bits::putFloat (10 bytes)
Event: 54.184 Thread 0x000000001a241000 nmethod 15918 0x000000000405fdd0 code [0x000000000405ff40, 0x00000000040601a8]
Event: 54.186 Thread 0x000000001a241000 15921       3       org.gradle.api.internal.tasks.properties.ValidationActions$1::doValidate (1 bytes)
Event: 54.187 Thread 0x000000001a241000 nmethod 15921 0x0000000004c70690 code [0x0000000004c707e0, 0x0000000004c70930]

GC Heap History (10 events):
Event: 45.091 GC heap before
{Heap before GC invocations=36 (full 20):
 PSYoungGen      total 323584K, used 302849K [0x00000000d5580000, 0x00000000ee000000, 0x0000000100000000)
  eden space 298496K, 100% used [0x00000000d5580000,0x00000000e7900000,0x00000000e7900000)
  from space 25088K, 17% used [0x00000000e7900000,0x00000000e7d405e8,0x00000000e9180000)
  to   space 47104K, 0% used [0x00000000eb200000,0x00000000eb200000,0x00000000ee000000)
 ParOldGen       total 106496K, used 75940K [0x0000000080000000, 0x0000000086800000, 0x00000000d5580000)
  object space 106496K, 71% used [0x0000000080000000,0x0000000084a293f0,0x0000000086800000)
 Metaspace       used 75870K, capacity 80004K, committed 82840K, reserved 1120256K
  class space    used 10300K, capacity 11093K, committed 11952K, reserved 1048576K
Event: 45.136 GC heap after
Heap after GC invocations=36 (full 20):
 PSYoungGen      total 352768K, used 17653K [0x00000000d5580000, 0x00000000edb80000, 0x0000000100000000)
  eden space 310272K, 0% used [0x00000000d5580000,0x00000000d5580000,0x00000000e8480000)
  from space 42496K, 41% used [0x00000000eb200000,0x00000000ec33d408,0x00000000edb80000)
  to   space 44544K, 0% used [0x00000000e8480000,0x00000000e8480000,0x00000000eb000000)
 ParOldGen       total 106496K, used 75940K [0x0000000080000000, 0x0000000086800000, 0x00000000d5580000)
  object space 106496K, 71% used [0x0000000080000000,0x0000000084a293f0,0x0000000086800000)
 Metaspace       used 75870K, capacity 80004K, committed 82840K, reserved 1120256K
  class space    used 10300K, capacity 11093K, committed 11952K, reserved 1048576K
}
Event: 46.063 GC heap before
{Heap before GC invocations=37 (full 20):
 PSYoungGen      total 352768K, used 327925K [0x00000000d5580000, 0x00000000edb80000, 0x0000000100000000)
  eden space 310272K, 100% used [0x00000000d5580000,0x00000000e8480000,0x00000000e8480000)
  from space 42496K, 41% used [0x00000000eb200000,0x00000000ec33d408,0x00000000edb80000)
  to   space 44544K, 0% used [0x00000000e8480000,0x00000000e8480000,0x00000000eb000000)
 ParOldGen       total 106496K, used 75940K [0x0000000080000000, 0x0000000086800000, 0x00000000d5580000)
  object space 106496K, 71% used [0x0000000080000000,0x0000000084a293f0,0x0000000086800000)
 Metaspace       used 75897K, capacity 80012K, committed 82840K, reserved 1120256K
  class space    used 10300K, capacity 11093K, committed 11952K, reserved 1048576K
Event: 46.105 GC heap after
Heap after GC invocations=37 (full 20):
 PSYoungGen      total 354816K, used 26594K [0x00000000d5580000, 0x00000000ee700000, 0x0000000100000000)
  eden space 310272K, 0% used [0x00000000d5580000,0x00000000d5580000,0x00000000e8480000)
  from space 44544K, 59% used [0x00000000e8480000,0x00000000e9e78a40,0x00000000eb000000)
  to   space 45056K, 0% used [0x00000000ebb00000,0x00000000ebb00000,0x00000000ee700000)
 ParOldGen       total 106496K, used 75940K [0x0000000080000000, 0x0000000086800000, 0x00000000d5580000)
  object space 106496K, 71% used [0x0000000080000000,0x0000000084a293f0,0x0000000086800000)
 Metaspace       used 75897K, capacity 80012K, committed 82840K, reserved 1120256K
  class space    used 10300K, capacity 11093K, committed 11952K, reserved 1048576K
}
Event: 47.674 GC heap before
{Heap before GC invocations=38 (full 20):
 PSYoungGen      total 354816K, used 336866K [0x00000000d5580000, 0x00000000ee700000, 0x0000000100000000)
  eden space 310272K, 100% used [0x00000000d5580000,0x00000000e8480000,0x00000000e8480000)
  from space 44544K, 59% used [0x00000000e8480000,0x00000000e9e78a40,0x00000000eb000000)
  to   space 45056K, 0% used [0x00000000ebb00000,0x00000000ebb00000,0x00000000ee700000)
 ParOldGen       total 106496K, used 75940K [0x0000000080000000, 0x0000000086800000, 0x00000000d5580000)
  object space 106496K, 71% used [0x0000000080000000,0x0000000084a293f0,0x0000000086800000)
 Metaspace       used 75914K, capacity 80082K, committed 82840K, reserved 1120256K
  class space    used 10301K, capacity 11094K, committed 11952K, reserved 1048576K
Event: 47.703 GC heap after
Heap after GC invocations=38 (full 20):
 PSYoungGen      total 360960K, used 20581K [0x00000000d5580000, 0x00000000ee300000, 0x0000000100000000)
  eden space 320000K, 0% used [0x00000000d5580000,0x00000000d5580000,0x00000000e8e00000)
  from space 40960K, 50% used [0x00000000ebb00000,0x00000000ecf19628,0x00000000ee300000)
  to   space 43520K, 0% used [0x00000000e8e00000,0x00000000e8e00000,0x00000000eb880000)
 ParOldGen       total 106496K, used 75940K [0x0000000080000000, 0x0000000086800000, 0x00000000d5580000)
  object space 106496K, 71% used [0x0000000080000000,0x0000000084a293f0,0x0000000086800000)
 Metaspace       used 75914K, capacity 80082K, committed 82840K, reserved 1120256K
  class space    used 10301K, capacity 11094K, committed 11952K, reserved 1048576K
}
Event: 49.624 GC heap before
{Heap before GC invocations=39 (full 20):
 PSYoungGen      total 360960K, used 340581K [0x00000000d5580000, 0x00000000ee300000, 0x0000000100000000)
  eden space 320000K, 100% used [0x00000000d5580000,0x00000000e8e00000,0x00000000e8e00000)
  from space 40960K, 50% used [0x00000000ebb00000,0x00000000ecf19628,0x00000000ee300000)
  to   space 43520K, 0% used [0x00000000e8e00000,0x00000000e8e00000,0x00000000eb880000)
 ParOldGen       total 106496K, used 75940K [0x0000000080000000, 0x0000000086800000, 0x00000000d5580000)
  object space 106496K, 71% used [0x0000000080000000,0x0000000084a293f0,0x0000000086800000)
 Metaspace       used 77191K, capacity 81572K, committed 83992K, reserved 1122304K
  class space    used 10490K, capacity 11281K, committed 12080K, reserved 1048576K
Event: 49.680 GC heap after
Heap after GC invocations=39 (full 20):
 PSYoungGen      total 363520K, used 40048K [0x00000000d5580000, 0x00000000ef800000, 0x0000000100000000)
  eden space 320000K, 0% used [0x00000000d5580000,0x00000000d5580000,0x00000000e8e00000)
  from space 43520K, 92% used [0x00000000e8e00000,0x00000000eb51c1b8,0x00000000eb880000)
  to   space 49152K, 0% used [0x00000000ec800000,0x00000000ec800000,0x00000000ef800000)
 ParOldGen       total 106496K, used 75948K [0x0000000080000000, 0x0000000086800000, 0x00000000d5580000)
  object space 106496K, 71% used [0x0000000080000000,0x0000000084a2b3f0,0x0000000086800000)
 Metaspace       used 77191K, capacity 81572K, committed 83992K, reserved 1122304K
  class space    used 10490K, capacity 11281K, committed 12080K, reserved 1048576K
}
Event: 52.394 GC heap before
{Heap before GC invocations=40 (full 20):
 PSYoungGen      total 363520K, used 360048K [0x00000000d5580000, 0x00000000ef800000, 0x0000000100000000)
  eden space 320000K, 100% used [0x00000000d5580000,0x00000000e8e00000,0x00000000e8e00000)
  from space 43520K, 92% used [0x00000000e8e00000,0x00000000eb51c1b8,0x00000000eb880000)
  to   space 49152K, 0% used [0x00000000ec800000,0x00000000ec800000,0x00000000ef800000)
 ParOldGen       total 106496K, used 75948K [0x0000000080000000, 0x0000000086800000, 0x00000000d5580000)
  object space 106496K, 71% used [0x0000000080000000,0x0000000084a2b3f0,0x0000000086800000)
 Metaspace       used 77999K, capacity 82434K, committed 84504K, reserved 1122304K
  class space    used 10584K, capacity 11414K, committed 12080K, reserved 1048576K
Event: 52.487 GC heap after
Heap after GC invocations=40 (full 20):
 PSYoungGen      total 370176K, used 49151K [0x00000000d5580000, 0x00000000f0b00000, 0x0000000100000000)
  eden space 321024K, 0% used [0x00000000d5580000,0x00000000d5580000,0x00000000e8f00000)
  from space 49152K, 99% used [0x00000000ec800000,0x00000000ef7ffda8,0x00000000ef800000)
  to   space 58368K, 0% used [0x00000000e8f00000,0x00000000e8f00000,0x00000000ec800000)
 ParOldGen       total 106496K, used 79560K [0x0000000080000000, 0x0000000086800000, 0x00000000d5580000)
  object space 106496K, 74% used [0x0000000080000000,0x0000000084db23c8,0x0000000086800000)
 Metaspace       used 77999K, capacity 82434K, committed 84504K, reserved 1122304K
  class space    used 10584K, capacity 11414K, committed 12080K, reserved 1048576K
}

Deoptimization events (10 events):
Event: 52.830 Thread 0x000000001d30e800 Uncommon trap: reason=class_check action=maybe_recompile pc=0x0000000004986acc method=org.gradle.internal.vfs.impl.DefaultSnapshotHierarchy.getMetadata(Ljava/lang/String;)Ljava/util/Optional; @ 9
Event: 52.834 Thread 0x000000001d311000 Uncommon trap: reason=unstable_if action=reinterpret pc=0x000000000527d3fc method=java.io.BufferedOutputStream.flushBuffer()V @ 4
Event: 53.118 Thread 0x000000002b786800 Uncommon trap: reason=array_check action=maybe_recompile pc=0x0000000004ffe3e0 method=java.util.TimSort.reverseRange([Ljava/lang/Object;II)V @ 20
Event: 53.118 Thread 0x000000002b786800 Uncommon trap: reason=array_check action=maybe_recompile pc=0x0000000004ffe3e0 method=java.util.TimSort.reverseRange([Ljava/lang/Object;II)V @ 20
Event: 53.118 Thread 0x000000002b786800 Uncommon trap: reason=array_check action=maybe_recompile pc=0x0000000004ffe3e0 method=java.util.TimSort.reverseRange([Ljava/lang/Object;II)V @ 20
Event: 53.118 Thread 0x000000002b786800 Uncommon trap: reason=array_check action=maybe_recompile pc=0x0000000004ffe3e0 method=java.util.TimSort.reverseRange([Ljava/lang/Object;II)V @ 20
Event: 53.475 Thread 0x000000002b787800 Uncommon trap: reason=unstable_if action=reinterpret pc=0x000000000564639c method=com.android.tools.r8.t.a.a.a.h.V0$f.hasNext()Z @ 5
Event: 53.477 Thread 0x000000002b787800 Uncommon trap: reason=unstable_if action=reinterpret pc=0x0000000004113714 method=com.android.tools.r8.t.a.a.a.h.V0$f.hasNext()Z @ 5
Event: 54.126 Thread 0x000000002b786800 Uncommon trap: reason=unstable_if action=reinterpret pc=0x0000000005453ac0 method=java.util.stream.MatchOps$BooleanTerminalSink.<init>(Ljava/util/stream/MatchOps$MatchKind;)V @ 9
Event: 54.172 Thread 0x000000001d310000 Uncommon trap: reason=unstable_if action=reinterpret pc=0x0000000004fdc11c method=java.util.stream.MatchOps$BooleanTerminalSink.<init>(Ljava/util/stream/MatchOps$MatchKind;)V @ 9

Classes redefined (0 events):
No events

Internal exceptions (10 events):
Event: 49.349 Thread 0x000000002b78a800 Exception <a 'java/lang/NoSuchMethodError': java.lang.Object.lambda$asRunnable$0(Lcom/android/tools/build/apkzlib/utils/IOExceptionRunnable;)V> (0x00000000e6ddb568) thrown at [C:\src\AOSP-openjdk-git\hotspot\src\share\vm\interpreter\linkResolver.cpp, line
Event: 49.517 Thread 0x000000002b78e000 Implicit null exception at 0x0000000003ca65af to 0x0000000003ca66ad
Event: 49.517 Thread 0x000000002b787800 Implicit null exception at 0x0000000003ca65af to 0x0000000003ca66ad
Event: 49.517 Thread 0x000000002b78c800 Implicit null exception at 0x0000000003ca65af to 0x0000000003ca66ad
Event: 49.517 Thread 0x000000002b788000 Implicit null exception at 0x0000000003ca65af to 0x0000000003ca66ad
Event: 49.517 Thread 0x000000002b784800 Implicit null exception at 0x0000000003ca65af to 0x0000000003ca66ad
Event: 49.746 Thread 0x000000002b78a800 Exception <a 'java/lang/NoSuchMethodError': java.lang.Object.newSystemTemporaryDirectory()Lcom/android/tools/build/apkzlib/bytestorage/TemporaryDirectory;> (0x00000000d5e05dc8) thrown at [C:\src\AOSP-openjdk-git\hotspot\src\share\vm\interpreter\linkResolv
Event: 51.613 Thread 0x000000002b78e000 Exception <a 'sun/nio/fs/WindowsException'> (0x00000000e2e53d48) thrown at [C:\src\AOSP-openjdk-git\hotspot\src\share\vm\prims\jni.cpp, line 710]
Event: 51.911 Thread 0x000000002b786800 Exception <a 'sun/nio/fs/WindowsException'> (0x00000000e37f6600) thrown at [C:\src\AOSP-openjdk-git\hotspot\src\share\vm\prims\jni.cpp, line 710]
Event: 54.093 Thread 0x000000002b787800 Exception <a 'sun/nio/fs/WindowsException'> (0x00000000dfe58528) thrown at [C:\src\AOSP-openjdk-git\hotspot\src\share\vm\prims\jni.cpp, line 710]

Events (10 events):
Event: 54.180 Thread 0x000000001a241000 flushing nmethod 0x0000000004e425d0
Event: 54.180 Thread 0x000000001a241000 flushing nmethod 0x0000000004e43350
Event: 54.180 Thread 0x000000001a241000 flushing nmethod 0x0000000004e43690
Event: 54.180 Thread 0x000000001a241000 flushing nmethod 0x0000000004e43ed0
Event: 54.180 Thread 0x000000001a241000 flushing nmethod 0x0000000004e44210
Event: 54.180 Thread 0x000000001a241000 flushing nmethod 0x0000000004e45490
Event: 54.180 Thread 0x000000001a241000 flushing nmethod 0x0000000004e5ce50
Event: 54.187 loading class org/gradle/api/internal/file/AbstractFileTree$1
Event: 54.187 loading class org/gradle/api/internal/file/AbstractFileTree$1 done
Event: 54.187 Thread 0x000000001842e000 flushing nmethod 0x0000000005443c90


Dynamic libraries:
0x00007ff674280000 - 0x00007ff6742b1000 	C:\Program Files\Android\Android Studio\jre\bin\java.exe
0x00007ffbb2950000 - 0x00007ffbb2b45000 	C:\WINDOWS\SYSTEM32\ntdll.dll
0x00007ffbb2820000 - 0x00007ffbb28dd000 	C:\WINDOWS\System32\KERNEL32.DLL
0x00007ffbb01c0000 - 0x00007ffbb0489000 	C:\WINDOWS\System32\KERNELBASE.dll
0x00007ffbb0ba0000 - 0x00007ffbb0c4c000 	C:\WINDOWS\System32\ADVAPI32.dll
0x00007ffbb2780000 - 0x00007ffbb281e000 	C:\WINDOWS\System32\msvcrt.dll
0x00007ffbb1470000 - 0x00007ffbb150c000 	C:\WINDOWS\System32\sechost.dll
0x00007ffbb0cb0000 - 0x00007ffbb0ddb000 	C:\WINDOWS\System32\RPCRT4.dll
0x00007ffbb1670000 - 0x00007ffbb1810000 	C:\WINDOWS\System32\USER32.dll
0x00007ffbb0090000 - 0x00007ffbb00b2000 	C:\WINDOWS\System32\win32u.dll
0x00007ffbb28e0000 - 0x00007ffbb290a000 	C:\WINDOWS\System32\GDI32.dll
0x00007ffbb0770000 - 0x00007ffbb087b000 	C:\WINDOWS\System32\gdi32full.dll
0x00007ffbb00c0000 - 0x00007ffbb015d000 	C:\WINDOWS\System32\msvcp_win.dll
0x00007ffbb05f0000 - 0x00007ffbb06f0000 	C:\WINDOWS\System32\ucrtbase.dll
0x00007ffb9bad0000 - 0x00007ffb9bd6a000 	C:\WINDOWS\WinSxS\amd64_microsoft.windows.common-controls_6595b64144ccf1df_6.0.19041.844_none_ca00b6081b84eb1d\COMCTL32.dll
0x00007ffbb1fe0000 - 0x00007ffbb2010000 	C:\WINDOWS\System32\IMM32.DLL
0x00000000591a0000 - 0x0000000059272000 	C:\Program Files\Android\Android Studio\jre\jre\bin\msvcr100.dll
0x0000000059360000 - 0x0000000059bab000 	C:\Program Files\Android\Android Studio\jre\jre\bin\server\jvm.dll
0x00007ffbb0de0000 - 0x00007ffbb0de8000 	C:\WINDOWS\System32\PSAPI.DLL
0x00007ffb9df00000 - 0x00007ffb9df27000 	C:\WINDOWS\SYSTEM32\WINMM.dll
0x00007ffbad420000 - 0x00007ffbad429000 	C:\WINDOWS\SYSTEM32\WSOCK32.dll
0x00007ffba99e0000 - 0x00007ffba99ea000 	C:\WINDOWS\SYSTEM32\VERSION.dll
0x00007ffbb1f60000 - 0x00007ffbb1fcb000 	C:\WINDOWS\System32\WS2_32.dll
0x00007ffbacc60000 - 0x00007ffbacc6f000 	C:\Program Files\Android\Android Studio\jre\jre\bin\verify.dll
0x00007ffba84f0000 - 0x00007ffba8519000 	C:\Program Files\Android\Android Studio\jre\jre\bin\java.dll
0x00007ffba84a0000 - 0x00007ffba84b6000 	C:\Program Files\Android\Android Studio\jre\jre\bin\zip.dll
0x00007ffbb1810000 - 0x00007ffbb1f52000 	C:\WINDOWS\System32\SHELL32.dll
0x00007ffbae1f0000 - 0x00007ffbae980000 	C:\WINDOWS\SYSTEM32\windows.storage.dll
0x00007ffbb2240000 - 0x00007ffbb2595000 	C:\WINDOWS\System32\combase.dll
0x00007ffbafa30000 - 0x00007ffbafa5c000 	C:\WINDOWS\SYSTEM32\Wldp.dll
0x00007ffbb1510000 - 0x00007ffbb15be000 	C:\WINDOWS\System32\SHCORE.dll
0x00007ffbb2720000 - 0x00007ffbb2775000 	C:\WINDOWS\System32\shlwapi.dll
0x00007ffbaffd0000 - 0x00007ffbaffef000 	C:\WINDOWS\SYSTEM32\profapi.dll
0x00007ffba7bb0000 - 0x00007ffba7bca000 	C:\Program Files\Android\Android Studio\jre\jre\bin\net.dll
0x00007ffbaf7b0000 - 0x00007ffbaf81a000 	C:\WINDOWS\system32\mswsock.dll
0x00007ffba6040000 - 0x00007ffba6053000 	C:\Program Files\Android\Android Studio\jre\jre\bin\nio.dll
0x00007ffba8110000 - 0x00007ffba8137000 	C:\Users\ashut\.gradle\native\f6784746aeab05261644944871eae4fe03e0ef1612fff0a4a95f87b438bc6780\windows-amd64\native-platform.dll
0x00007ffbabb30000 - 0x00007ffbabb3d000 	C:\Program Files\Android\Android Studio\jre\jre\bin\management.dll
0x00007ffbaf980000 - 0x00007ffbaf998000 	C:\WINDOWS\SYSTEM32\CRYPTSP.dll
0x00007ffbaf150000 - 0x00007ffbaf184000 	C:\WINDOWS\system32\rsaenh.dll
0x00007ffbb0930000 - 0x00007ffbb0957000 	C:\WINDOWS\System32\bcrypt.dll
0x00007ffbaff90000 - 0x00007ffbaffbe000 	C:\WINDOWS\SYSTEM32\USERENV.dll
0x00007ffbb06f0000 - 0x00007ffbb0770000 	C:\WINDOWS\System32\bcryptprimitives.dll
0x00007ffbaf9a0000 - 0x00007ffbaf9ac000 	C:\WINDOWS\SYSTEM32\CRYPTBASE.dll
0x00007ffbaf4a0000 - 0x00007ffbaf4db000 	C:\WINDOWS\SYSTEM32\IPHLPAPI.DLL
0x00007ffbb1fd0000 - 0x00007ffbb1fd8000 	C:\WINDOWS\System32\NSI.dll
0x00007ffba9960000 - 0x00007ffba9977000 	C:\WINDOWS\SYSTEM32\dhcpcsvc6.DLL
0x00007ffba9300000 - 0x00007ffba931d000 	C:\WINDOWS\SYSTEM32\dhcpcsvc.DLL
0x00007ffbaf4e0000 - 0x00007ffbaf5ab000 	C:\WINDOWS\SYSTEM32\DNSAPI.dll
0x00007ffba9af0000 - 0x00007ffba9afb000 	C:\WINDOWS\SYSTEM32\WINNSI.DLL

VM Arguments:
jvm_args: -Xmx2048m -Dfile.encoding=UTF-8 -Duser.country=IN -Duser.language=en -Duser.variant 
java_command: org.gradle.launcher.daemon.bootstrap.GradleDaemon 6.5
java_class_path (initial): C:\Users\ashut\.gradle\wrapper\dists\gradle-6.5-bin\6nifqtx7604sqp1q6g8wikw7p\gradle-6.5\lib\gradle-launcher-6.5.jar
Launcher Type: SUN_STANDARD

Environment Variables:
PATH=C:\Program Files (x86)\Common Files\Oracle\Java\javapath;C:\WINDOWS\system32;C:\WINDOWS;C:\WINDOWS\System32\Wbem;C:\WINDOWS\System32\WindowsPowerShell\v1.0\;C:\WINDOWS\System32\OpenSSH\;C:\MinGW\bin;C:\sqlite;C:\Program Files\Git\cmd;C:\Program Files\nodejs\;C:\Users\ashut\Python\Python39\Scripts\;C:\Users\ashut\Python\Python39\;C:\Users\ashut\AppData\Local\Microsoft\WindowsApps;C:\Users\ashut\AppData\Local\Programs\Microsoft VS Code\bin;C:\Users\ashut\AppData\Local\atom\bin;C:\Users\ashut\AppData\Local\Microsoft\WindowsApps;C:\Users\ashut\AppData\Roaming\npm
USERNAME=ashut
OS=Windows_NT
PROCESSOR_IDENTIFIER=AMD64 Family 23 Model 24 Stepping 1, AuthenticAMD



---------------  S Y S T E M  ---------------

OS: Windows 10.0 , 64 bit Build 19041 (10.0.19041.804)

CPU:total 8 (initial active 8) (8 cores per cpu, 1 threads per core) family 23 model 24 stepping 1, cmov, cx8, fxsr, mmx, sse, sse2, sse3, ssse3, sse4.1, sse4.2, popcnt, avx, avx2, aes, clmul, mmxext, 3dnowpref, lzcnt, sse4a, tsc, tscinvbit, tscinv, bmi1

Memory: 4k page, physical 6228620k(816632k free), swap 25102988k(5816k free)

vm_info: OpenJDK 64-Bit Server VM (25.242-b01) for windows-amd64 JRE (1.8.0_242-release-1644-b01), built by "builder" with MS VC++ 10.0 (VS2010)

time: Wed May 05 21:45:12 2021
timezone: India Standard Time
elapsed time: 54 seconds (0d 0h 0m 54s)

